Arguments: 
  C:\Program Files\nodejs\node.exe C:\Users\studio-pc\AppData\Roaming\npm\node_modules\yarn\bin\yarn.js add electron-squirrel-startup

PATH: 
  ./node_modules/.bin;C:\Program Files\Lapce\;C:\Program Files\Common Files\Oracle\Java\javapath;C:\Windows\system32;C:\Windows;C:\Windows\System32\Wbem;C:\Windows\System32\WindowsPowerShell\v1.0\;C:\Windows\System32\OpenSSH\;C:\Program Files\Git\cmd;C:\Program Files\nodejs\;C:\Program Files\GitHub CLI\;C:\Program Files\Go\bin;C:\ProgramData\chocolatey\bin;C:\Program Files (x86)\ngrok-v3-stable-windows-amd64;C:\kotlinc\bin;C:\flutter\flutter\bin;C:\Android\cmdline-tools\tools\bin;C:\Program Files\PowerShell\7\;C:\Users\studio-pc\AppData\Local\pnpm;C:\Users\studio-pc\AppData\Local\pnpm;C:\Users\studio-pc\AppData\Local\Microsoft\WindowsApps;C:\Users\studio-pc\AppData\Local\Programs\Microsoft VS Code Insiders\bin;C:\Users\studio-pc\AppData\Roaming\npm;C:\Users\studio-pc\go\bin;C:\tools\dart-sdk\bin;C:\Users\studio-pc\AppData\Roaming\Pub\Cache\bin;C:\Users\studio-pc\AppData\Local\Programs\Hyper\resources\bin;C:\Users\studio-pc\AppData\Local\Programs\oh-my-posh\bin;C:\tools\neovim\nvim-win64\bin;C:\Users\studio-pc\AppData\Local\JetBrains\Toolbox\scripts;C:\Users\studio-pc\AppData\Local\Programs\Neovim\bin;C:\Users\studio-pc\.deno\bin

Yarn version: 
  1.22.19

Node version: 
  18.14.0

Platform: 
  win32 x64

Trace: 
  Error: ENOENT: no such file or directory, copyfile 'C:\Users\studio-pc\AppData\Local\Yarn\Cache\v6\npm-ansi-styles-3.2.1-41fbb20243e50b12be0f04b8dedbf07520ce841d-integrity\node_modules\ansi-styles\license' -> 'C:\Users\studio-pc\Documents\development\desktop\serpent\node_modules\npm-run-all\node_modules\ansi-styles\license'

npm manifest: 
  {
    "name": "clipsync",
    "description": "sync your clipboards across devices",
    "version": "0.1.0",
    "license": "MIT",
    "author": {
      "name": "studio-pc"
    },
    "repository": {
      "url": "https://github.com/studio-pc/serpent.git"
    },
    "main": "dist/main.js",
    "scripts": {
      "dev": "rimraf dist && run-p dev:webpack dev:electron",
      "build": "rimraf dist && cross-env NODE_ENV=\"production\" webpack --progress",
      "dev:webpack": "cross-env NODE_ENV=\"development\" webpack --progress",
      "dev:electron": "wait-on dist/main.js dist/index.html && electronmon .",
      "start": "electron-forge start",
      "package": "electron-forge package",
      "make": "electron-forge make"
    },
    "electronmon": {
      "patterns": [
        "dist/**/*"
      ]
    },
    "dependencies": {
      "@stitches/react": "^1.2.8",
      "@types/uuid": "^9.0.1",
      "dayjs": "^1.11.7",
      "interprocess": "^0.2.5",
      "localforage": "^1.10.0",
      "match-sorter": "^6.3.1",
      "pouchdb": "^8.0.1",
      "react": "^18.2.0",
      "react-dom": "^18.2.0",
      "react-hot-toast": "^2.4.0",
      "react-icons": "^4.8.0",
      "react-router-dom": "^6.10.0",
      "sort-by": "^1.2.0",
      "superjson": "^1.12.3",
      "uuid": "^9.0.0",
      "zustand": "^4.3.7"
    },
    "devDependencies": {
      "@electron-forge/cli": "^6.1.1",
      "@types/node": "^18.15.13",
      "@types/pouchdb": "^6.4.0",
      "@types/react": "^18.0.38",
      "@types/react-dom": "^18.0.11",
      "cross-env": "^7.0.3",
      "css-loader": "^6.7.3",
      "electron": "^24.1.2",
      "electronmon": "^2.0.2",
      "html-webpack-plugin": "^5.5.1",
      "mini-css-extract-plugin": "^2.7.5",
      "npm-run-all": "^4.1.5",
      "rimraf": "^5.0.0",
      "tailwindcss": "^3.3.1",
      "ts-loader": "^9.4.2",
      "ts-node": "^10.9.1",
      "typescript": "^5.0.4",
      "wait-on": "^7.0.1",
      "webpack": "^5.80.0",
      "webpack-cli": "^5.0.2"
    }
  }

yarn manifest: 
  No manifest

Lockfile: 
  No lockfile
